<?xml version="1.0" encoding="UTF-8"?>
<testsuites>
  <testsuite name="api" timestamp="2024-03-14T13:06:22Z" hostname="199d5fb65c81" tests="7" skipped="0" failures="0" errors="0" time="0.207">
    <testcase time="0.082" classname="api" name="caching_initialization_initialize_cache_default"/>
    <testcase time="0.075" classname="api" name="caching_initialization_initialize_cache_system_variable"/>
    <testcase time="0.012" classname="api" name="caching_initialization_initialize_cache_user_path"/>
    <testcase time="0.00800000000000001" classname="api" name="add_data_to_cache_add_data_from_package"/>
    <testcase time="0.00900000000000001" classname="api" name="add_data_to_cache_add_data_from_environment"/>
    <testcase time="0.00700000000000001" classname="api" name="remove_data_from_cache_remove_data_from_cache"/>
    <testcase time="0.014" classname="api" name="remove_data_from_cache_verbose_message_on_destroy"/>
  </testsuite>
  <testsuite name="data" timestamp="2024-03-14T13:06:22Z" hostname="199d5fb65c81" tests="4" skipped="0" failures="0" errors="0" time="0.05">
    <testcase time="0.026" classname="data" name="read_data_from_cache_read_existing_data"/>
    <testcase time="0.01" classname="data" name="read_data_from_cache_error_on_missing_data"/>
    <testcase time="0.0069999999999999" classname="data" name="stored_data_count_internal_simulated_data"/>
    <testcase time="0.00700000000000001" classname="data" name="stored_data_benchmark_data"/>
  </testsuite>
</testsuites>
