<?xml version="1.0" encoding="UTF-8"?>
<testsuites>
  <testsuite name="api" timestamp="2024-02-06T15:54:38Z" hostname="9635bb90ec8a" tests="7" skipped="0" failures="0" errors="0" time="0.171">
    <testcase time="0.063" classname="api" name="caching_initialization_initialize_cache_default"/>
    <testcase time="0.06" classname="api" name="caching_initialization_initialize_cache_system_variable"/>
    <testcase time="0.012" classname="api" name="caching_initialization_initialize_cache_user_path"/>
    <testcase time="0.00700000000000001" classname="api" name="add_data_to_cache_add_data_from_package"/>
    <testcase time="0.00900000000000001" classname="api" name="add_data_to_cache_add_data_from_environment"/>
    <testcase time="0.00800000000000001" classname="api" name="remove_data_from_cache_remove_data_from_cache"/>
    <testcase time="0.012" classname="api" name="remove_data_from_cache_verbose_message_on_destroy"/>
  </testsuite>
  <testsuite name="data" timestamp="2024-02-06T15:54:38Z" hostname="9635bb90ec8a" tests="4" skipped="0" failures="0" errors="0" time="0.048">
    <testcase time="0.024" classname="data" name="read_data_from_cache_read_existing_data"/>
    <testcase time="0.01" classname="data" name="read_data_from_cache_error_on_missing_data"/>
    <testcase time="0.00600000000000001" classname="data" name="stored_data_count_internal_simulated_data"/>
    <testcase time="0.00800000000000001" classname="data" name="stored_data_benchmark_data"/>
  </testsuite>
</testsuites>
